2024-03-05T17:59:13.610Z - POST /auth/register
2024-03-05T18:01:34.170Z - POST /auth/login
2024-03-05T18:20:32.613Z - POST /auth/register
2024-03-05T18:22:41.564Z - POST /auth/login
2024-03-05T18:26:03.019Z - POST /auth/login
2024-03-05T18:30:22.674Z - POST /auth/tasks
2024-03-05T18:32:02.147Z - POST /auth/tasks
2024-03-05T18:32:18.906Z - POST /tasks
2024-03-05T18:33:29.522Z - POST /tasks
2024-03-05T18:36:05.519Z - POST /auth/login
2024-03-05T18:42:52.450Z - POST /auth/login
2024-03-05T18:43:41.057Z - POST /auth/login
2024-03-05T18:47:43.018Z - POST /auth/login
2024-03-05T18:49:11.325Z - POST /auth/login
2024-03-05T18:49:54.940Z - POST /auth/login
2024-03-05T18:50:17.275Z - POST /auth/login
2024-03-05T18:50:47.177Z - POST /auth/login
2024-03-05T18:50:59.836Z - POST /auth/register
2024-03-05T18:51:11.055Z - POST /auth/login
2024-03-05T18:53:39.302Z - POST /auth/login
2024-03-05T18:56:58.601Z - POST /auth/login
2024-03-05T19:00:08.418Z - POST /auth/login
2024-03-05T19:02:23.011Z - POST /auth/login
2024-03-05T19:06:18.050Z - POST /auth/login
2024-03-05T19:07:26.165Z - POST /auth/login
2024-03-05T19:11:55.251Z - POST /auth/login
2024-03-05T19:20:19.009Z - POST /auth/login
2024-03-05T19:26:59.677Z - POST /auth/login
2024-03-05T19:27:56.866Z - POST /auth/login
2024-03-05T19:38:25.577Z - POST /auth/login
2024-03-05T19:39:38.198Z - POST /auth/login
2024-03-05T19:40:15.957Z - POST /auth/register
2024-03-05T19:40:32.193Z - POST /auth/login
2024-03-05T19:43:38.586Z - POST /auth/register
2024-03-05T19:43:48.482Z - POST /auth/register
2024-03-05T19:46:01.136Z - POST /auth/login
2024-03-05T19:47:38.950Z - POST /auth/login
2024-03-05T19:49:32.788Z - POST /auth/login
2024-03-05T19:51:46.536Z - POST /auth/login
2024-03-05T19:53:34.320Z - POST /auth/login
2024-03-05T19:53:53.790Z - POST /auth/login
2024-03-05T19:54:32.647Z - POST /auth/register
2024-03-05T19:55:44.077Z - POST /auth/login
2024-03-05T19:57:36.036Z - POST /auth/login
2024-03-05T19:58:29.646Z - POST /auth/login
2024-03-05T19:58:48.997Z - POST /auth/login
2024-03-05T20:03:35.066Z - POST /auth/login
2024-03-05T20:03:58.160Z - POST /auth/login
2024-03-05T20:05:33.748Z - POST /auth/login
2024-03-05T20:06:10.492Z - POST /auth/login
2024-03-05T20:06:40.677Z - POST /auth/login
2024-03-05T20:08:37.878Z - POST /auth/login
2024-03-05T20:09:17.633Z - POST /auth/login
2024-03-05T20:11:19.019Z - POST /auth/login
2024-03-05T20:19:54.652Z - POST /tasks
2024-03-05T20:22:52.383Z - POST /tasks
2024-03-05T20:25:21.393Z - POST /tasks
2024-03-05T20:28:08.394Z - POST /tasks
2024-03-05T20:28:10.593Z - POST /tasks
2024-03-05T20:28:16.067Z - POST /tasks
2024-03-05T20:28:17.938Z - POST /tasks
2024-03-05T20:33:23.344Z - POST /tasks
2024-03-06T03:25:58.889Z - POST /tasks
2024-03-06T03:35:42.633Z - POST /register
2024-03-06T03:35:59.931Z - POST /auth/register
2024-03-06T03:37:24.267Z - POST /auth/login
2024-03-06T03:41:46.419Z - POST /tasks/
2024-03-06T03:41:52.875Z - POST /tasks
2024-03-06T03:45:35.116Z - POST /tasks/
2024-03-06T03:46:14.400Z - POST /tasks/
2024-03-06T03:46:19.456Z - POST /tasks
2024-03-06T03:48:41.544Z - POST /tasks/
2024-03-06T03:51:34.384Z - POST /tasks/
2024-03-06T03:53:20.465Z - POST /tasks/
2024-03-06T03:53:53.894Z - POST /tasks/
2024-03-06T03:54:02.446Z - POST /tasks
2024-03-06T03:54:11.972Z - POST /tasks
2024-03-06T03:54:13.929Z - POST /tasks
2024-03-06T03:54:17.876Z - POST /tasks/
2024-03-06T03:54:20.130Z - POST /tasks/
2024-03-06T03:54:30.621Z - POST /tasks/
2024-03-06T03:57:17.126Z - POST /tasks/
2024-03-06T03:59:11.966Z - POST /tasks/
2024-03-06T04:01:48.235Z - POST /tasks/
2024-03-06T04:01:52.827Z - POST /tasks/
2024-03-06T04:01:59.248Z - POST /tasks/
2024-03-06T04:02:17.485Z - POST /tasks/
2024-03-06T04:09:54.214Z - POST /tasks/
2024-03-06T04:10:14.236Z - POST /tasks/soni@gmail.com
2024-03-06T04:10:21.197Z - POST /tasks/
2024-03-06T04:12:16.962Z - POST /tasks/
2024-03-06T04:15:11.816Z - POST /tasks/
2024-03-06T04:15:33.170Z - POST /tasks/
2024-03-06T04:19:10.312Z - POST /auth/login
2024-03-06T04:21:52.417Z - POST /auth/login
2024-03-06T04:22:04.414Z - POST /tasks/
2024-03-06T04:22:37.279Z - POST /tasks/
2024-03-06T04:22:39.477Z - POST /tasks/
2024-03-06T04:23:43.716Z - POST /auth/register
2024-03-06T04:23:57.058Z - POST /auth/login
2024-03-06T04:25:42.689Z - POST /tasks/
2024-03-06T04:31:36.787Z - POST /tasks/
2024-03-06T04:32:42.289Z - POST /tasks/
2024-03-06T04:35:31.909Z - POST /tasks/
2024-03-06T04:44:51.850Z - POST /tasks/
2024-03-06T04:45:03.181Z - POST /tasks/
2024-03-06T04:46:15.645Z - POST /tasks/
2024-03-06T04:46:17.545Z - POST /tasks/
2024-03-06T04:46:24.396Z - POST /tasks/
2024-03-06T04:46:26.058Z - POST /tasks/
2024-03-06T04:46:34.908Z - POST /tasks/
2024-03-06T05:08:08.128Z - POST /auth/login
2024-03-06T05:08:29.297Z - POST /tasks/
2024-03-06T05:08:31.527Z - POST /tasks/
2024-03-06T05:10:37.621Z - POST /tasks/
2024-03-06T05:16:30.911Z - POST /tasks/
2024-03-06T05:16:33.342Z - POST /tasks/
2024-03-06T05:16:36.802Z - POST /tasks/
2024-03-06T05:39:21.752Z - POST /tasks/
2024-03-06T05:39:26.276Z - POST /tasks/
2024-03-06T05:39:33.355Z - POST /tasks/
2024-03-06T05:39:41.546Z - POST /tasks/
2024-03-06T05:39:51.530Z - POST /tasks/
2024-03-06T05:41:31.727Z - POST /tasks/
2024-03-06T05:43:10.248Z - POST /tasks/
2024-03-06T05:45:49.426Z - POST /auth/register
2024-03-06T05:47:01.565Z - POST /auth/login
2024-03-06T05:50:43.986Z - POST /tasks/
2024-03-06T05:51:47.297Z - POST /tasks/65e8030d7d16a97f255a7397
2024-03-06T05:51:54.588Z - POST /tasks/
2024-03-06T05:54:10.317Z - POST /tasks/
2024-03-06T05:55:41.778Z - POST /tasks/
2024-03-06T05:59:12.624Z - POST /tasks/
2024-03-06T05:59:38.489Z - POST /tasks/
2024-03-06T06:00:13.601Z - POST /tasks/
2024-03-06T06:00:32.861Z - POST /tasks/
2024-03-06T06:04:28.988Z - POST /tasks/
2024-03-06T06:04:43.331Z - POST /tasks/
2024-03-06T06:06:50.006Z - POST /tasks/
2024-03-06T06:07:25.301Z - POST /tasks/
2024-03-06T06:08:33.162Z - POST /tasks/
2024-03-06T06:09:09.981Z - POST /tasks/
2024-03-06T06:16:29.449Z - POST /tasks/
2024-03-06T08:36:35.923Z - GET /gettasks
2024-03-06T08:37:48.240Z - GET /tasks
2024-03-06T08:37:48.375Z - GET /favicon.ico
2024-03-06T08:38:07.954Z - GET /auth/register
2024-03-06T08:38:10.624Z - GET /auth/register
